#
# There is insufficient memory for the Java Runtime Environment to continue.
# Native memory allocation (mmap) failed to map 268435456 bytes for G1 virtual space
# Possible reasons:
#   The system is out of physical RAM or swap space
#   The process is running with CompressedOops enabled, and the Java Heap may be blocking the growth of the native heap
# Possible solutions:
#   Reduce memory load on the system
#   Increase physical memory or swap space
#   Check if swap backing store is full
#   Decrease Java heap size (-Xmx/-Xms)
#   Decrease number of Java threads
#   Decrease Java thread stack sizes (-Xss)
#   Set larger code cache with -XX:ReservedCodeCacheSize=
#   JVM is running with Zero Based Compressed Oops mode in which the Java heap is
#     placed in the first 32GB address space. The Java Heap base address is the
#     maximum limit for the native heap growth. Please use -XX:HeapBaseMinAddress
#     to set the Java Heap base and to place the Java Heap above 32GB virtual address.
# This output file may be truncated or incomplete.
#
#  Out of Memory Error (os_windows.cpp:3548), pid=24208, tid=24272
#
# JRE version:  (17.0.10+11) (build )
# Java VM: Java HotSpot(TM) 64-Bit Server VM (17.0.10+11-LTS-240, mixed mode, sharing, tiered, compressed oops, compressed class ptrs, g1 gc, windows-amd64)
# No core dump will be written. Minidumps are not enabled by default on client versions of Windows
#

---------------  S U M M A R Y ------------

Command Line: -Dfile.encoding=UTF-8 --module-path=C:\Users\BUNNY\Documents\NetBeansProjects\BMSystem_1\build\classes bmsystem.Transactions

Host: Intel(R) Core(TM) i5-3570K CPU @ 3.40GHz, 4 cores, 15G,  Windows 10 , 64 bit Build 19041 (10.0.19041.3636)
Time: Fri Feb 16 00:55:13 2024 India Standard Time elapsed time: 0.010824 seconds (0d 0h 0m 0s)

---------------  T H R E A D  ---------------

Current thread (0x000001d7aac80d30):  JavaThread "Unknown thread" [_thread_in_vm, id=24272, stack(0x0000000100600000,0x0000000100700000)]

Stack: [0x0000000100600000,0x0000000100700000]
Native frames: (J=compiled Java code, j=interpreted, Vv=VM code, C=native code)
V  [jvm.dll+0x677a5a]
V  [jvm.dll+0x7d8b2d]
V  [jvm.dll+0x7da48e]
V  [jvm.dll+0x7daaf3]
V  [jvm.dll+0x2455ff]
V  [jvm.dll+0x6749b9]
V  [jvm.dll+0x669382]
V  [jvm.dll+0x302e96]
V  [jvm.dll+0x30a416]
V  [jvm.dll+0x359cbe]
V  [jvm.dll+0x359eef]
V  [jvm.dll+0x2d9e88]
V  [jvm.dll+0x2dadf4]
V  [jvm.dll+0x7aa551]
V  [jvm.dll+0x367911]
V  [jvm.dll+0x789639]
V  [jvm.dll+0x3eb30f]
V  [jvm.dll+0x3ecd91]
C  [jli.dll+0x5297]
C  [ucrtbase.dll+0x21bb2]
C  [KERNEL32.DLL+0x17344]
C  [ntdll.dll+0x526b1]


---------------  P R O C E S S  ---------------

Threads class SMR info:
_java_thread_list=0x00007fffe3c26a18, length=0, elements={
}

Java Threads: ( => current thread )

Other Threads:
  0x000001d7aacea9c0 GCTaskThread "GC Thread#0" [stack: 0x0000000100700000,0x0000000100800000] [id=24276]
  0x000001d7aacfb670 ConcurrentGCThread "G1 Main Marker" [stack: 0x0000000100800000,0x0000000100900000] [id=24280]
  0x000001d7aacfdb40 ConcurrentGCThread "G1 Conc#0" [stack: 0x0000000100900000,0x0000000100a00000] [id=24284]

[error occurred during error reporting (printing all threads), id 0xc0000005, EXCEPTION_ACCESS_VIOLATION (0xc0000005) at pc=0x00007fffe345aae7]

VM state: not at safepoint (not fully initialized)

VM Mutex/Monitor currently owned by a thread:  ([mutex/lock_event])
[0x000001d7aac7c270] Heap_lock - owner thread: 0x000001d7aac80d30

Heap address: 0x0000000701a00000, size: 4070 MB, Compressed Oops mode: Zero based, Oop shift amount: 3

CDS archive(s) mapped at: [0x0000000000000000-0x0000000000000000-0x0000000000000000), size 0, SharedBaseAddress: 0x0000000800000000, ArchiveRelocationMode: 1.
Narrow klass base: 0x0000000000000000, Narrow klass shift: 0, Narrow klass range: 0x0

GC Precious Log:
<Empty>

Heap:
 garbage-first heap   total 0K, used 0K [0x0000000701a00000, 0x0000000800000000)
  region size 2048K, 0 young (0K), 0 survivors (0K)

[error occurred during error reporting (printing heap information), id 0xc0000005, EXCEPTION_ACCESS_VIOLATION (0xc0000005) at pc=0x00007fffe3841249]

GC Heap History (0 events):
No events

Deoptimization events (0 events):
No events

Classes unloaded (0 events):
No events

Classes redefined (0 events):
No events

Internal exceptions (0 events):
No events

VM Operations (0 events):
No events

Events (1 events):
Event: 0.007 Loaded shared library C:\Program Files\Java\jdk-17\bin\java.dll


Dynamic libraries:
0x00007ff6aedd0000 - 0x00007ff6aede0000 	C:\Program Files\Java\jdk-17\bin\java.exe
0x00007ff8109b0000 - 0x00007ff810ba8000 	C:\WINDOWS\SYSTEM32\ntdll.dll
0x00007ff80fbd0000 - 0x00007ff80fc8d000 	C:\WINDOWS\System32\KERNEL32.DLL
0x00007ff80e0a0000 - 0x00007ff80e396000 	C:\WINDOWS\System32\KERNELBASE.dll
0x00007ff80e670000 - 0x00007ff80e770000 	C:\WINDOWS\System32\ucrtbase.dll
0x00007ff809b70000 - 0x00007ff809b89000 	C:\Program Files\Java\jdk-17\bin\jli.dll
0x00007ff80f960000 - 0x00007ff80fa13000 	C:\WINDOWS\System32\ADVAPI32.dll
0x00007ff80f8c0000 - 0x00007ff80f95e000 	C:\WINDOWS\System32\msvcrt.dll
0x00007fffffe10000 - 0x00007fffffe2b000 	C:\Program Files\Java\jdk-17\bin\VCRUNTIME140.dll
0x00007ff810010000 - 0x00007ff8100af000 	C:\WINDOWS\System32\sechost.dll
0x00007ff810800000 - 0x00007ff810926000 	C:\WINDOWS\System32\RPCRT4.dll
0x00007ff80e860000 - 0x00007ff80e887000 	C:\WINDOWS\System32\bcrypt.dll
0x00007ff80fca0000 - 0x00007ff80fe3e000 	C:\WINDOWS\System32\USER32.dll
0x00007ff80e070000 - 0x00007ff80e092000 	C:\WINDOWS\System32\win32u.dll
0x00007ff80fea0000 - 0x00007ff80fecb000 	C:\WINDOWS\System32\GDI32.dll
0x00007ff80e3a0000 - 0x00007ff80e4b7000 	C:\WINDOWS\System32\gdi32full.dll
0x00007ff80e7c0000 - 0x00007ff80e85d000 	C:\WINDOWS\System32\msvcp_win.dll
0x00007ffff5ee0000 - 0x00007ffff617a000 	C:\WINDOWS\WinSxS\amd64_microsoft.windows.common-controls_6595b64144ccf1df_6.0.19041.3636_none_60b6a03d71f818d5\COMCTL32.dll
0x00007ffffeb70000 - 0x00007ffffeb7a000 	C:\WINDOWS\SYSTEM32\VERSION.dll
0x00007ff810930000 - 0x00007ff810962000 	C:\WINDOWS\System32\IMM32.DLL
0x00007ff8048f0000 - 0x00007ff8048fc000 	C:\Program Files\Java\jdk-17\bin\vcruntime140_1.dll
0x00007ffffcaa0000 - 0x00007ffffcb2e000 	C:\Program Files\Java\jdk-17\bin\msvcp140.dll
0x00007fffe3170000 - 0x00007fffe3d4f000 	C:\Program Files\Java\jdk-17\bin\server\jvm.dll
0x00007ff80ff50000 - 0x00007ff80ff58000 	C:\WINDOWS\System32\PSAPI.DLL
0x00007ff8049a0000 - 0x00007ff8049a9000 	C:\WINDOWS\SYSTEM32\WSOCK32.dll
0x00007ff801e80000 - 0x00007ff801ea7000 	C:\WINDOWS\SYSTEM32\WINMM.dll
0x00007ff80f650000 - 0x00007ff80f6bb000 	C:\WINDOWS\System32\WS2_32.dll
0x00007ff80bf40000 - 0x00007ff80bf52000 	C:\WINDOWS\SYSTEM32\kernel.appcore.dll
0x00007ff804880000 - 0x00007ff80488a000 	C:\Program Files\Java\jdk-17\bin\jimage.dll
0x00007ffffdf60000 - 0x00007ffffe144000 	C:\WINDOWS\SYSTEM32\DBGHELP.DLL
0x00007ffffddb0000 - 0x00007ffffdde4000 	C:\WINDOWS\SYSTEM32\dbgcore.DLL
0x00007ff80e5e0000 - 0x00007ff80e662000 	C:\WINDOWS\System32\bcryptPrimitives.dll
0x00007ffffab70000 - 0x00007ffffab95000 	C:\Program Files\Java\jdk-17\bin\java.dll

dbghelp: loaded successfully - version: 4.0.5 - missing functions: none
symbol engine: initialized successfully - sym options: 0x614 - pdb path: .;C:\Program Files\Java\jdk-17\bin;C:\WINDOWS\SYSTEM32;C:\WINDOWS\WinSxS\amd64_microsoft.windows.common-controls_6595b64144ccf1df_6.0.19041.3636_none_60b6a03d71f818d5;C:\Program Files\Java\jdk-17\bin\server

VM Arguments:
jvm_args: -Dfile.encoding=UTF-8 --module-path=C:\Users\BUNNY\Documents\NetBeansProjects\BMSystem_1\build\classes 
java_command: bmsystem.Transactions
java_class_path (initial): C:\Users\BUNNY\Downloads\mysql-connector-java-8.0.28.jar;C:\Users\BUNNY\Documents\NetBeansProjects\BMSystem_1\build\classes
Launcher Type: SUN_STANDARD

[Global flags]
     intx CICompilerCount                          = 3                                         {product} {ergonomic}
     uint ConcGCThreads                            = 1                                         {product} {ergonomic}
     uint G1ConcRefinementThreads                  = 4                                         {product} {ergonomic}
   size_t G1HeapRegionSize                         = 2097152                                   {product} {ergonomic}
    uintx GCDrainStackTargetSize                   = 64                                        {product} {ergonomic}
   size_t InitialHeapSize                          = 268435456                                 {product} {ergonomic}
   size_t MarkStackSize                            = 4194304                                   {product} {ergonomic}
   size_t MaxHeapSize                              = 4267704320                                {product} {ergonomic}
   size_t MinHeapDeltaBytes                        = 2097152                                   {product} {ergonomic}
   size_t MinHeapSize                              = 8388608                                   {product} {ergonomic}
    uintx NonNMethodCodeHeapSize                   = 5832780                                {pd product} {ergonomic}
    uintx NonProfiledCodeHeapSize                  = 122912730                              {pd product} {ergonomic}
    uintx ProfiledCodeHeapSize                     = 122912730                              {pd product} {ergonomic}
    uintx ReservedCodeCacheSize                    = 251658240                              {pd product} {ergonomic}
     bool SegmentedCodeCache                       = true                                      {product} {ergonomic}
   size_t SoftMaxHeapSize                          = 4267704320                             {manageable} {ergonomic}
     bool UseCompressedClassPointers               = true                           {product lp64_product} {ergonomic}
     bool UseCompressedOops                        = true                           {product lp64_product} {ergonomic}
     bool UseG1GC                                  = true                                      {product} {ergonomic}
     bool UseLargePagesIndividualAllocation        = false                                  {pd product} {ergonomic}

Logging:
Log output configuration:
 #0: stdout all=warning uptime,level,tags
 #1: stderr all=off uptime,level,tags

Environment Variables:
PATH=C:\Program Files\Common Files\Oracle\Java\javapath;C:\WINDOWS\system32;C:\WINDOWS;C:\WINDOWS\System32\Wbem;C:\WINDOWS\System32\WindowsPowerShell\v1.0\;C:\WINDOWS\System32\OpenSSH\;C:\Program Files\MySQL\MySQL Shell 8.0\bin\;C:\Users\BUNNY\AppData\Local\Programs\Python\Launcher\;C:\Users\BUNNY\AppData\Local\Microsoft\WindowsApps;
USERNAME=BUNNY
OS=Windows_NT
PROCESSOR_IDENTIFIER=Intel64 Family 6 Model 58 Stepping 9, GenuineIntel



---------------  S Y S T E M  ---------------

OS:
 Windows 10 , 64 bit Build 19041 (10.0.19041.3636)
OS uptime: 0 days 2:26 hours

CPU: total 4 (initial active 4) (4 cores per cpu, 1 threads per core) family 6 model 58 stepping 9 microcode 0x21, cx8, cmov, fxsr, mmx, sse, sse2, sse3, ssse3, sse4.1, sse4.2, popcnt, tsc, tscinvbit, avx, aes, erms, clmul, vzeroupper, clflush

Memory: 4k page, system-wide physical 16277M (6952M free)
TotalPageFile size 44871M (AvailPageFile size 69M)
current process WorkingSet (physical memory assigned to process): 10M, peak: 10M
current process commit charge ("private bytes"): 51M, peak: 307M

vm_info: Java HotSpot(TM) 64-Bit Server VM (17.0.10+11-LTS-240) for windows-amd64 JRE (17.0.10+11-LTS-240), built on Dec 19 2023 21:47:25 by "mach5one" with MS VC++ 17.1 (VS2022)

END.
